# JRE version: 7.0_17-b02
# Java VM: Java HotSpot(TM) Client VM (23.7-b01 mixed mode, sharing windows-x86 )
Heap
 def new generation   total 4928K, used 2906K [0x237a0000, 0x23cf0000, 0x28cf0000)
  eden space 4416K,  65% used [0x237a0000, 0x23a75648, 0x23bf0000)
  from space 512K,   0% used [0x23bf0000, 0x23bf1200, 0x23c70000)
  to   space 512K,   0% used [0x23c70000, 0x23c70000, 0x23cf0000)
 tenured generation   total 10944K, used 2875K [0x28cf0000, 0x297a0000, 0x337a0000)
   the space 10944K,  26% used [0x28cf0000, 0x28fbeec8, 0x28fbf000, 0x297a0000)
 compacting perm gen  total 12288K, used 1045K [0x337a0000, 0x343a0000, 0x377a0000)
   the space 12288K,   8% used [0x337a0000, 0x338a54e8, 0x338a5600, 0x343a0000)
    ro space 10240K,  45% used [0x377a0000, 0x37c273d8, 0x37c27400, 0x381a0000)
    rw space 12288K,  54% used [0x381a0000, 0x3882acc8, 0x3882ae00, 0x38da0000)
GC Heap History (10 events):
Event: 10.766 GC heap before
{Heap before GC invocations=3 (full 0):
 def new generation   total 4928K, used 3392K [0x237a0000, 0x23cf0000, 0x28cf0000)
  eden space 4416K,  76% used [0x237a0000, 0x23aeec48, 0x23bf0000)
  from space 512K,   1% used [0x23c70000, 0x23c715c0, 0x23cf0000)
  to   space 512K,   0% used [0x23bf0000, 0x23bf0000, 0x23c70000)
 tenured generation   total 10944K, used 2875K [0x28cf0000, 0x297a0000, 0x337a0000)
   the space 10944K,  26% used [0x28cf0000, 0x28fbeec8, 0x28fbf000, 0x297a0000)
 compacting perm gen  total 12288K, used 1007K [0x337a0000, 0x343a0000, 0x377a0000)
   the space 12288K,   8% used [0x337a0000, 0x3389bde8, 0x3389be00, 0x343a0000)
    ro space 10240K,  45% used [0x377a0000, 0x37c273d8, 0x37c27400, 0x381a0000)
    rw space 12288K,  54% used [0x381a0000, 0x3882acc8, 0x3882ae00, 0x38da0000)
Event: 10.767 GC heap after
Heap after GC invocations=4 (full 0):
 def new generation   total 4928K, used 5K [0x237a0000, 0x23cf0000, 0x28cf0000)
  eden space 4416K,   0% used [0x237a0000, 0x237a0000, 0x23bf0000)
  from space 512K,   0% used [0x23bf0000, 0x23bf1418, 0x23c70000)
  to   space 512K,   0% used [0x23c70000, 0x23c70000, 0x23cf0000)
 tenured generation   total 10944K, used 2875K [0x28cf0000, 0x297a0000, 0x337a0000)
   the space 10944K,  26% used [0x28cf0000, 0x28fbeec8, 0x28fbf000, 0x297a0000)
 compacting perm gen  total 12288K, used 1007K [0x337a0000, 0x343a0000, 0x377a0000)
   the space 12288K,   8% used [0x337a0000, 0x3389bde8, 0x3389be00, 0x343a0000)
    ro space 10240K,  45% used [0x377a0000, 0x37c273d8, 0x37c27400, 0x381a0000)
    rw space 12288K,  54% used [0x381a0000, 0x3882acc8, 0x3882ae00, 0x38da0000)
}
Event: 11.092 GC heap before
{Heap before GC invocations=4 (full 0):
 def new generation   total 4928K, used 4122K [0x237a0000, 0x23cf0000, 0x28cf0000)
  eden space 4416K,  93% used [0x237a0000, 0x23ba5628, 0x23bf0000)
  from space 512K,   0% used [0x23bf0000, 0x23bf1418, 0x23c70000)
  to   space 512K,   0% used [0x23c70000, 0x23c70000, 0x23cf0000)
 tenured generation   total 10944K, used 2875K [0x28cf0000, 0x297a0000, 0x337a0000)
   the space 10944K,  26% used [0x28cf0000, 0x28fbeec8, 0x28fbf000, 0x297a0000)
 compacting perm gen  total 12288K, used 1007K [0x337a0000, 0x343a0000, 0x377a0000)
   the space 12288K,   8% used [0x337a0000, 0x3389bdf8, 0x3389be00, 0x343a0000)
    ro space 10240K,  45% used [0x377a0000, 0x37c273d8, 0x37c27400, 0x381a0000)
    rw space 12288K,  54% used [0x381a0000, 0x3882acc8, 0x3882ae00, 0x38da0000)
Event: 11.096 GC heap after
Heap after GC invocations=5 (full 0):
 def new generation   total 4928K, used 3K [0x237a0000, 0x23cf0000, 0x28cf0000)
  eden space 4416K,   0% used [0x237a0000, 0x237a0000, 0x23bf0000)
  from space 512K,   0% used [0x23c70000, 0x23c70f68, 0x23cf0000)
  to   space 512K,   0% used [0x23bf0000, 0x23bf0000, 0x23c70000)
 tenured generation   total 10944K, used 2875K [0x28cf0000, 0x297a0000, 0x337a0000)
   the space 10944K,  26% used [0x28cf0000, 0x28fbeec8, 0x28fbf000, 0x297a0000)
 compacting perm gen  total 12288K, used 1007K [0x337a0000, 0x343a0000, 0x377a0000)
   the space 12288K,   8% used [0x337a0000, 0x3389bdf8, 0x3389be00, 0x343a0000)
    ro space 10240K,  45% used [0x377a0000, 0x37c273d8, 0x37c27400, 0x381a0000)
    rw space 12288K,  54% used [0x381a0000, 0x3882acc8, 0x3882ae00, 0x38da0000)
}
Event: 12.708 GC heap before
{Heap before GC invocations=5 (full 0):
 def new generation   total 4928K, used 3191K [0x237a0000, 0x23cf0000, 0x28cf0000)
  eden space 4416K,  72% used [0x237a0000, 0x23abcdc0, 0x23bf0000)
  from space 512K,   0% used [0x23c70000, 0x23c70f68, 0x23cf0000)
  to   space 512K,   0% used [0x23bf0000, 0x23bf0000, 0x23c70000)
 tenured generation   total 10944K, used 2875K [0x28cf0000, 0x297a0000, 0x337a0000)
   the space 10944K,  26% used [0x28cf0000, 0x28fbeec8, 0x28fbf000, 0x297a0000)
 compacting perm gen  total 12288K, used 1007K [0x337a0000, 0x343a0000, 0x377a0000)
   the space 12288K,   8% used [0x337a0000, 0x3389be08, 0x3389c000, 0x343a0000)
    ro space 10240K,  45% used [0x377a0000, 0x37c273d8, 0x37c27400, 0x381a0000)
    rw space 12288K,  54% used [0x381a0000, 0x3882acc8, 0x3882ae00, 0x38da0000)
Event: 12.709 GC heap after
Heap after GC invocations=6 (full 0):
 def new generation   total 4928K, used 3K [0x237a0000, 0x23cf0000, 0x28cf0000)
  eden space 4416K,   0% used [0x237a0000, 0x237a0000, 0x23bf0000)
  from space 512K,   0% used [0x23bf0000, 0x23bf0e90, 0x23c70000)
  to   space 512K,   0% used [0x23c70000, 0x23c70000, 0x23cf0000)
 tenured generation   total 10944K, used 2875K [0x28cf0000, 0x297a0000, 0x337a0000)
   the space 10944K,  26% used [0x28cf0000, 0x28fbeec8, 0x28fbf000, 0x297a0000)
 compacting perm gen  total 12288K, used 1007K [0x337a0000, 0x343a0000, 0x377a0000)
   the space 12288K,   8% used [0x337a0000, 0x3389be08, 0x3389c000, 0x343a0000)
    ro space 10240K,  45% used [0x377a0000, 0x37c273d8, 0x37c27400, 0x381a0000)
    rw space 12288K,  54% used [0x381a0000, 0x3882acc8, 0x3882ae00, 0x38da0000)
}
Event: 12.970 GC heap before
{Heap before GC invocations=6 (full 0):
 def new generation   total 4928K, used 3416K [0x237a0000, 0x23cf0000, 0x28cf0000)
  eden space 4416K,  77% used [0x237a0000, 0x23af5268, 0x23bf0000)
  from space 512K,   0% used [0x23bf0000, 0x23bf0e90, 0x23c70000)
  to   space 512K,   0% used [0x23c70000, 0x23c70000, 0x23cf0000)
 tenured generation   total 10944K, used 2875K [0x28cf0000, 0x297a0000, 0x337a0000)
   the space 10944K,  26% used [0x28cf0000, 0x28fbeec8, 0x28fbf000, 0x297a0000)
 compacting perm gen  total 12288K, used 1007K [0x337a0000, 0x343a0000, 0x377a0000)
   the space 12288K,   8% used [0x337a0000, 0x3389be08, 0x3389c000, 0x343a0000)
    ro space 10240K,  45% used [0x377a0000, 0x37c273d8, 0x37c27400, 0x381a0000)
    rw space 12288K,  54% used [0x381a0000, 0x3882acc8, 0x3882ae00, 0x38da0000)
Event: 12.971 GC heap after
Heap after GC invocations=7 (full 0):
 def new generation   total 4928K, used 4K [0x237a0000, 0x23cf0000, 0x28cf0000)
  eden space 4416K,   0% used [0x237a0000, 0x237a0000, 0x23bf0000)
  from space 512K,   0% used [0x23c70000, 0x23c71040, 0x23cf0000)
  to   space 512K,   0% used [0x23bf0000, 0x23bf0000, 0x23c70000)
 tenured generation   total 10944K, used 2875K [0x28cf0000, 0x297a0000, 0x337a0000)
   the space 10944K,  26% used [0x28cf0000, 0x28fbeec8, 0x28fbf000, 0x297a0000)
 compacting perm gen  total 12288K, used 1007K [0x337a0000, 0x343a0000, 0x377a0000)
   the space 12288K,   8% used [0x337a0000, 0x3389be08, 0x3389c000, 0x343a0000)
    ro space 10240K,  45% used [0x377a0000, 0x37c273d8, 0x37c27400, 0x381a0000)
    rw space 12288K,  54% used [0x381a0000, 0x3882acc8, 0x3882ae00, 0x38da0000)
}
Event: 15.689 GC heap before
{Heap before GC invocations=7 (full 0):
 def new generation   total 4928K, used 4160K [0x237a0000, 0x23cf0000, 0x28cf0000)
  eden space 4416K,  94% used [0x237a0000, 0x23baf168, 0x23bf0000)
  from space 512K,   0% used [0x23c70000, 0x23c71040, 0x23cf0000)
  to   space 512K,   0% used [0x23bf0000, 0x23bf0000, 0x23c70000)
 tenured generation   total 10944K, used 2875K [0x28cf0000, 0x297a0000, 0x337a0000)
   the space 10944K,  26% used [0x28cf0000, 0x28fbeec8, 0x28fbf000, 0x297a0000)
 compacting perm gen  total 12288K, used 1008K [0x337a0000, 0x343a0000, 0x377a0000)
   the space 12288K,   8% used [0x337a0000, 0x3389c1d8, 0x3389c200, 0x343a0000)
    ro space 10240K,  45% used [0x377a0000, 0x37c273d8, 0x37c27400, 0x381a0000)
    rw space 12288K,  54% used [0x381a0000, 0x3882acc8, 0x3882ae00, 0x38da0000)
Event: 15.691 GC heap after
Heap after GC invocations=8 (full 0):
 def new generation   total 4928K, used 4K [0x237a0000, 0x23cf0000, 0x28cf0000)
  eden space 4416K,   0% used [0x237a0000, 0x237a0000, 0x23bf0000)
  from space 512K,   0% used [0x23bf0000, 0x23bf1200, 0x23c70000)
  to   space 512K,   0% used [0x23c70000, 0x23c70000, 0x23cf0000)
 tenured generation   total 10944K, used 2875K [0x28cf0000, 0x297a0000, 0x337a0000)
   the space 10944K,  26% used [0x28cf0000, 0x28fbeec8, 0x28fbf000, 0x297a0000)
 compacting perm gen  total 12288K, used 1008K [0x337a0000, 0x343a0000, 0x377a0000)
   the space 12288K,   8% used [0x337a0000, 0x3389c1d8, 0x3389c200, 0x343a0000)
    ro space 10240K,  45% used [0x377a0000, 0x37c273d8, 0x37c27400, 0x381a0000)
    rw space 12288K,  54% used [0x381a0000, 0x3882acc8, 0x3882ae00, 0x38da0000)
}

